2024-08-13 Tuesday 13:17:37 root:INFO:--------------
2024-08-13 Tuesday 13:17:37 root:INFO:Trang Chủ - Thanh công cụ - Hỗ trợ khách hàng
2024-08-13 Tuesday 13:17:37 root:INFO:Mã - Toolbar09
2024-08-13 Tuesday 13:17:37 root:INFO:Tên sự kiện - Chọn chức năng "Hỗ trợ khách hàng"
2024-08-13 Tuesday 13:17:37 root:INFO:Kết quả - Chuyển tới trang "Hỗ trợ khách hàng"
2024-08-13 Tuesday 13:17:37 root:INFO:HỖ TRỢ KHÁCH HÀNG
2024-08-13 Tuesday 13:17:37 root:INFO:True
2024-08-13 Tuesday 13:17:41 root:INFO:--------------
2024-08-13 Tuesday 13:17:41 root:INFO:Trang Chủ - Thanh công cụ - Hỗ trợ khách hàng
2024-08-13 Tuesday 13:17:41 root:INFO:Mã - Toolbar10
2024-08-13 Tuesday 13:17:41 root:INFO:Tên sự kiện - Tìm kiếm hỗ trợ
2024-08-13 Tuesday 13:17:41 root:INFO:Kết quả - Hiển thị tính năng đã nhập
2024-08-13 Tuesday 13:17:42 root:INFO:Đổi biển
2024-08-13 Tuesday 13:17:42 root:INFO:True
2024-08-13 Tuesday 13:17:48 root:INFO:--------------
2024-08-13 Tuesday 13:17:48 root:INFO:Trang Chủ - Thanh công cụ - Hỗ trợ khách hàng
2024-08-13 Tuesday 13:17:48 root:INFO:Mã - Toolbar11
2024-08-13 Tuesday 13:17:48 root:INFO:Tên sự kiện - Mất tín hiệu
2024-08-13 Tuesday 13:17:48 root:INFO:Kết quả - Chuyển tới trang "Hướng dẫn xử lý(Mất tín hiệu)"
2024-08-13 Tuesday 13:17:48 root:INFO:Mất tín hiệu 
2024-08-13 Tuesday 13:17:48 root:INFO:True
2024-08-13 Tuesday 13:17:56 root:INFO:--------------
2024-08-13 Tuesday 13:17:56 root:INFO:Trang Chủ - Thanh công cụ - Hỗ trợ khách hàng
2024-08-13 Tuesday 13:17:56 root:INFO:Mã - Toolbar12
2024-08-13 Tuesday 13:17:56 root:INFO:Tên sự kiện - Đổi biển
2024-08-13 Tuesday 13:17:56 root:INFO:Kết quả - Chuyển tới trang "Đổi biển"
2024-08-13 Tuesday 13:17:56 root:INFO:ĐỔI BIỂN
2024-08-13 Tuesday 13:17:56 root:INFO:True
2024-08-13 Tuesday 13:18:03 root:INFO:--------------
2024-08-13 Tuesday 13:18:03 root:INFO:Trang Chủ - Thanh công cụ - Hỗ trợ khách hàng
2024-08-13 Tuesday 13:18:03 root:INFO:Mã - Toolbar13
2024-08-13 Tuesday 13:18:03 root:INFO:Tên sự kiện - Lỗi camera
2024-08-13 Tuesday 13:18:03 root:INFO:Kết quả - Chuyển tới trang "Hướng dẫn xử lý(Lỗi camera)"
2024-08-13 Tuesday 13:18:03 root:INFO:Lỗi camera
2024-08-13 Tuesday 13:18:03 root:INFO:True
2024-08-13 Tuesday 13:18:10 root:INFO:--------------
2024-08-13 Tuesday 13:18:10 root:INFO:Trang Chủ - Thanh công cụ - Hỗ trợ khách hàng
2024-08-13 Tuesday 13:18:10 root:INFO:Mã - Toolbar14
2024-08-13 Tuesday 13:18:10 root:INFO:Tên sự kiện - Khóa xe
2024-08-13 Tuesday 13:18:10 root:INFO:Kết quả - Chuyển tới trang "Lý do khóa xe"
2024-08-13 Tuesday 13:18:11 root:INFO:LÝ DO KHÓA XE
2024-08-13 Tuesday 13:18:11 root:INFO:True
2024-08-13 Tuesday 13:18:18 root:INFO:--------------
2024-08-13 Tuesday 13:18:18 root:INFO:Trang Chủ - Thanh công cụ - Hỗ trợ khách hàng
2024-08-13 Tuesday 13:18:18 root:INFO:Mã - Toolbar15
2024-08-13 Tuesday 13:18:18 root:INFO:Tên sự kiện - Mở khóa xe
2024-08-13 Tuesday 13:18:18 root:INFO:Kết quả - Chuyển tới trang "Gửi yêu cầu hỗ trợ(Mở khóa xe)"
2024-08-13 Tuesday 13:18:18 root:INFO:Mở khóa xe
2024-08-13 Tuesday 13:18:18 root:INFO:True
2024-08-13 Tuesday 13:18:26 root:INFO:--------------
2024-08-13 Tuesday 13:18:26 root:INFO:Trang Chủ - Thanh công cụ - Hỗ trợ khách hàng
2024-08-13 Tuesday 13:18:26 root:INFO:Mã - Toolbar16
2024-08-13 Tuesday 13:18:26 root:INFO:Tên sự kiện - Hỗ trợ khác
2024-08-13 Tuesday 13:18:26 root:INFO:Kết quả - Chuyển tới trang "Gửi yêu cầu hỗ trợ(Hỗ trợ khác)"
2024-08-13 Tuesday 13:18:26 root:INFO:Hỗ trợ khác
2024-08-13 Tuesday 13:18:26 root:INFO:True
2024-08-13 Tuesday 13:18:33 root:INFO:--------------
2024-08-13 Tuesday 13:18:33 root:INFO:Trang Chủ - Thanh công cụ - Hỗ trợ khách hàng
2024-08-13 Tuesday 13:18:33 root:INFO:Mã - Toolbar17
2024-08-13 Tuesday 13:18:33 root:INFO:Tên sự kiện - Đóng phí DVMC
2024-08-13 Tuesday 13:18:33 root:INFO:Kết quả - Chuyển tới trang "Đóng phí DVMC/SC"
2024-08-13 Tuesday 13:18:33 root:INFO:Đóng phí DVMC/SC
2024-08-13 Tuesday 13:18:33 root:INFO:True
2024-08-13 Tuesday 13:18:41 root:INFO:--------------
2024-08-13 Tuesday 13:18:41 root:INFO:Trang Chủ - Thanh công cụ - Hỗ trợ khách hàng
2024-08-13 Tuesday 13:18:41 root:INFO:Mã - Toolbar18
2024-08-13 Tuesday 13:18:41 root:INFO:Tên sự kiện - Nâng cấp
2024-08-13 Tuesday 13:18:41 root:INFO:Kết quả - Chuyển tới trang "Nâng cấp Module 4G"
2024-08-13 Tuesday 13:18:41 root:INFO:Nâng cấp Module 4G
2024-08-13 Tuesday 13:18:41 root:INFO:True
2024-08-13 Tuesday 13:19:10 root:INFO:--------------
2024-08-13 Tuesday 13:19:10 root:INFO:Trang Chủ - Thanh công cụ - Hỗ trợ khách hàng
2024-08-13 Tuesday 13:19:10 root:INFO:Mã - Toolbar19
2024-08-13 Tuesday 13:19:10 root:INFO:Tên sự kiện - Gán xe
2024-08-13 Tuesday 13:19:10 root:INFO:Kết quả - Chuyển tới trang "Chọn phương tiện gán nhóm"
2024-08-13 Tuesday 13:19:11 root:INFO:CHỌN PHƯƠNG TIỆN
2024-08-13 Tuesday 13:19:11 root:INFO:True
2024-08-13 Tuesday 13:19:17 root:INFO:--------------
2024-08-13 Tuesday 13:19:17 root:INFO:Trang Chủ - Thanh công cụ - Hỗ trợ khách hàng
2024-08-13 Tuesday 13:19:17 root:INFO:Mã - Toolbar20
2024-08-13 Tuesday 13:19:17 root:INFO:Tên sự kiện - Đổi kênh camera
2024-08-13 Tuesday 13:19:17 root:INFO:Kết quả - Chuyển tới trang "Đổi kênh camera"
2024-08-13 Tuesday 13:19:17 root:INFO:ĐỔI TÊN KÊNH CAMERA
2024-08-13 Tuesday 13:19:17 root:INFO:True
2024-08-13 Tuesday 13:19:24 root:INFO:--------------
2024-08-13 Tuesday 13:19:24 root:INFO:Trang Chủ - Thanh công cụ - Hỗ trợ khách hàng
2024-08-13 Tuesday 13:19:24 root:INFO:Mã - Toolbar21
2024-08-13 Tuesday 13:19:24 root:INFO:Tên sự kiện - Tải video
2024-08-13 Tuesday 13:19:24 root:INFO:Kết quả - Chuyển tới trang "Xem lại video"
2024-08-13 Tuesday 13:19:24 root:INFO:XEM LẠI VIDEO - TỔNG QUAN
2024-08-13 Tuesday 13:19:24 root:INFO:True
2024-08-13 Tuesday 13:19:31 root:INFO:--------------
2024-08-13 Tuesday 13:19:31 root:INFO:Trang Chủ - Thanh công cụ - Hỗ trợ khách hàng - Theo dõi phản hồi
2024-08-13 Tuesday 13:19:31 root:INFO:Mã - Toolbar22
2024-08-13 Tuesday 13:19:31 root:INFO:Tên sự kiện - Theo dõi phản hồi - Chờ xử lý
2024-08-13 Tuesday 13:19:31 root:INFO:Kết quả - Các phản hồi có trạng thái "Chờ xử lý"
2024-08-13 Tuesday 13:19:31 root:INFO:True
2024-08-13 Tuesday 13:19:36 root:INFO:--------------
2024-08-13 Tuesday 13:19:36 root:INFO:Trang Chủ - Thanh công cụ - Hỗ trợ khách hàng - Theo dõi phản hồi
2024-08-13 Tuesday 13:19:36 root:INFO:Mã - Toolbar23
2024-08-13 Tuesday 13:19:36 root:INFO:Tên sự kiện - Theo dõi phản hồi - Đang xử lý
2024-08-13 Tuesday 13:19:36 root:INFO:Kết quả - Các phản hồi có trạng thái "Đang xử lý"
2024-08-13 Tuesday 13:19:36 root:INFO:True
2024-08-13 Tuesday 13:19:40 root:INFO:--------------
2024-08-13 Tuesday 13:19:40 root:INFO:Trang Chủ - Thanh công cụ - Hỗ trợ khách hàng - Theo dõi phản hồi
2024-08-13 Tuesday 13:19:40 root:INFO:Mã - Toolbar24
2024-08-13 Tuesday 13:19:40 root:INFO:Tên sự kiện - Theo dõi phản hồi - Hoàn thành
2024-08-13 Tuesday 13:19:40 root:INFO:Kết quả - Các phản hồi có trạng thái "Hoàn thành"
2024-08-13 Tuesday 13:19:40 root:INFO:True
2024-08-13 Tuesday 13:19:44 root:INFO:--------------
2024-08-13 Tuesday 13:19:44 root:INFO:Trang Chủ - Thanh công cụ - Hỗ trợ khách hàng - Theo dõi phản hồi
2024-08-13 Tuesday 13:19:44 root:INFO:Mã - Toolbar25
2024-08-13 Tuesday 13:19:44 root:INFO:Tên sự kiện - Theo dõi phản hồi - Tìm kiếm phương tiện
2024-08-13 Tuesday 13:19:44 root:INFO:Kết quả - Tìm kiêm phương tiện
2024-08-13 Tuesday 13:19:44 root:INFO:True
2024-08-13 Tuesday 13:19:47 root:INFO:--------------
2024-08-13 Tuesday 13:19:47 root:INFO:Trang Chủ - Thanh công cụ - Hỗ trợ khách hàng
2024-08-13 Tuesday 13:19:47 root:INFO:Mã - Toolbar26
2024-08-13 Tuesday 13:19:47 root:INFO:Tên sự kiện - Theo dõi phản hồi - Bộ lọc
2024-08-13 Tuesday 13:19:47 root:INFO:Kết quả - Mở popup "Bộ lọc tìm kiếm"
2024-08-13 Tuesday 13:19:47 root:INFO:--------------
2024-08-13 Tuesday 13:19:47 root:INFO:Trang Chủ - Thanh công cụ - Hỗ trợ khách hàng - Theo dõi phản hồi
2024-08-13 Tuesday 13:19:47 root:INFO:Mã - Toolbar26
2024-08-13 Tuesday 13:19:47 root:INFO:Tên sự kiện - Theo dõi phản hồi - Bộ lọc
2024-08-13 Tuesday 13:19:47 root:INFO:Kết quả - Mở popup "Bộ lọc tìm kiếm"
2024-08-13 Tuesday 13:19:48 root:INFO:BỘ LỌC TÌM KIẾM
2024-08-13 Tuesday 13:19:48 root:INFO:True
2024-08-13 Tuesday 13:20:24 root:INFO:--------------
2024-08-13 Tuesday 13:20:24 root:INFO:Trang chủ - Ẩn hiện xe
2024-08-13 Tuesday 13:20:24 root:INFO:Mã - Utilities02
2024-08-13 Tuesday 13:20:24 root:INFO:Tên sự kiện - Chọn chức năng "Ẩn hiện xe"
2024-08-13 Tuesday 13:20:24 root:INFO:Kết quả - Chuyển tới trang "DANH SÁCH XE ĐANG ẨN"
2024-08-13 Tuesday 13:20:24 root:INFO:DANH SÁCH XE ĐANG ẨN
2024-08-13 Tuesday 13:20:24 root:INFO:True
2024-08-13 Tuesday 13:20:29 root:INFO:--------------
2024-08-13 Tuesday 13:20:29 root:INFO:Trang chủ - Ẩn hiện xe
2024-08-13 Tuesday 13:20:29 root:INFO:Mã - Utilities03
2024-08-13 Tuesday 13:20:29 root:INFO:Tên sự kiện - Bộ lọc tìm kiếm 
2024-08-13 Tuesday 13:20:29 root:INFO:Kết quả - Mở popup "BỘ LỌC TÌM KIẾM"
2024-08-13 Tuesday 13:20:29 root:INFO:BỘ LỌC TÌM KIẾM
2024-08-13 Tuesday 13:20:29 root:INFO:True
2024-08-13 Tuesday 13:20:35 root:INFO:--------------
2024-08-13 Tuesday 13:20:35 root:INFO:Trang chủ - Ẩn hiện xe
2024-08-13 Tuesday 13:20:35 root:INFO:Mã - Utilities04
2024-08-13 Tuesday 13:20:35 root:INFO:Tên sự kiện - Xuất excel
2024-08-13 Tuesday 13:20:35 root:INFO:Kết quả - Tải file excel danh sách về máy
2024-08-13 Tuesday 13:20:35 root:INFO:Lỗi xuất excel
2024-08-13 Tuesday 13:20:35 root:INFO:False
2024-08-13 Tuesday 13:20:48 root:INFO:--------------
2024-08-13 Tuesday 13:20:48 root:INFO:Trang chủ - Ẩn hiện xe
2024-08-13 Tuesday 13:20:48 root:INFO:Mã - Utilities05
2024-08-13 Tuesday 13:20:48 root:INFO:Tên sự kiện - Tìm kiếm
2024-08-13 Tuesday 13:20:48 root:INFO:Kết quả - Hiển thị phương tiện đã nhập
2024-08-13 Tuesday 13:20:48 root:INFO:Phương tiện: 31C18122_C
2024-08-13 Tuesday 13:20:48 root:INFO:True
2024-08-13 Tuesday 13:20:55 root:INFO:--------------
2024-08-13 Tuesday 13:20:55 root:INFO:Trang chủ - Ẩn hiện xe
2024-08-13 Tuesday 13:20:55 root:INFO:Mã - Utilities06
2024-08-13 Tuesday 13:20:55 root:INFO:Tên sự kiện - Tắt thông báo xe bị ẩn đến hạn phí
2024-08-13 Tuesday 13:20:55 root:INFO:Kết quả - Bật/tắt checkbox
2024-08-13 Tuesday 13:20:56 root:INFO:True
2024-08-13 Tuesday 13:21:00 root:INFO:--------------
2024-08-13 Tuesday 13:21:00 root:INFO:Trang chủ - Ẩn hiện xe
2024-08-13 Tuesday 13:21:00 root:INFO:Mã - Utilities07
2024-08-13 Tuesday 13:21:00 root:INFO:Tên sự kiện - Icon Chọn ẩn phương tiện
2024-08-13 Tuesday 13:21:00 root:INFO:Kết quả - Mở popup "CHỌN PHƯƠNG TIỆN ẨN"
2024-08-13 Tuesday 13:21:00 root:INFO:CHỌN PHƯƠNG TIỆN ẨN
2024-08-13 Tuesday 13:21:00 root:INFO:True
2024-08-13 Tuesday 13:21:17 root:INFO:--------------
2024-08-13 Tuesday 13:21:17 root:INFO:Trang chủ - Ẩn hiện xe
2024-08-13 Tuesday 13:21:17 root:INFO:Mã - Utilities08
2024-08-13 Tuesday 13:21:17 root:INFO:Tên sự kiện - Ẩn phương tiện
2024-08-13 Tuesday 13:21:17 root:INFO:Kết quả - Hiện message "Ẩn phương tiện thành công"
2024-08-13 Tuesday 13:21:18 root:INFO:Ẩn phương tiện thành công
2024-08-13 Tuesday 13:21:18 root:INFO:True
2024-08-13 Tuesday 13:21:24 root:INFO:--------------
2024-08-13 Tuesday 13:21:24 root:INFO:Trang chủ - Ẩn hiện xe
2024-08-13 Tuesday 13:21:24 root:INFO:Mã - Utilities09
2024-08-13 Tuesday 13:21:24 root:INFO:Tên sự kiện - Bỏ ẩn phương tiện
2024-08-13 Tuesday 13:21:24 root:INFO:Kết quả - Hiện message "Bỏ ẩn phương tiện thành công"
2024-08-13 Tuesday 13:21:24 root:INFO:Bỏ ẩn phương tiện thành công
2024-08-13 Tuesday 13:21:24 root:INFO:True
